c:\users\jsuarez\downloads\redesudp-master\gameclient\x64\release\vc140.pdb
c:\users\jsuarez\downloads\redesudp-master\gameclient\x64\release\world.obj
c:\users\jsuarez\downloads\redesudp-master\gameclient\x64\release\grid.obj
c:\users\jsuarez\downloads\redesudp-master\gameclient\x64\release\character.obj
c:\users\jsuarez\downloads\redesudp-master\gameclient\x64\release\windowmanagement.obj
c:\users\jsuarez\downloads\redesudp-master\gameclient\x64\release\source.obj
d:\redesudp\28-03-17\redesudp-master\gameclient\x64\release\vc140.pdb
d:\redesudp\28-03-17\redesudp-master\gameclient\x64\release\world.obj
d:\redesudp\28-03-17\redesudp-master\gameclient\x64\release\windowmanagement.obj
d:\redesudp\28-03-17\redesudp-master\gameclient\x64\release\source.obj
d:\redesudp\28-03-17\redesudp-master\gameclient\x64\release\grid.obj
d:\redesudp\28-03-17\redesudp-master\gameclient\x64\release\character.obj
c:\users\jsuarez\downloads\redesudp-master\x64\release\gameclient.exe
c:\users\jsuarez\downloads\redesudp-master\x64\release\gameclient.ipdb
c:\users\jsuarez\downloads\redesudp-master\x64\release\gameclient.iobj
c:\users\jsuarez\downloads\redesudp-master\x64\release\gameclient.pdb
d:\redesudp\28-03-17\redesudp-master\x64\release\gameclient.exe
d:\redesudp\28-03-17\redesudp-master\x64\release\gameclient.ipdb
d:\redesudp\28-03-17\redesudp-master\x64\release\gameclient.iobj
d:\redesudp\28-03-17\redesudp-master\x64\release\gameclient.pdb
d:\redesudp-master\gameclient\x64\release\character.obj
d:\redesudp-master\gameclient\x64\release\grid.obj
d:\redesudp-master\gameclient\x64\release\source.obj
d:\redesudp-master\gameclient\x64\release\windowmanagement.obj
d:\redesudp-master\gameclient\x64\release\world.obj
d:\redesudp-master\gameclient\x64\release\vc140.pdb
d:\redesudp-master\x64\release\gameclient.pdb
d:\redesudp-master\x64\release\gameclient.exe
d:\redesudp-master\gameclient\x64\release\gameclient.tlog\cl.command.1.tlog
d:\redesudp-master\gameclient\x64\release\gameclient.tlog\cl.read.1.tlog
d:\redesudp-master\gameclient\x64\release\gameclient.tlog\cl.write.1.tlog
d:\redesudp-master\gameclient\x64\release\gameclient.tlog\link.command.1.tlog
d:\redesudp-master\gameclient\x64\release\gameclient.tlog\link.read.1.tlog
d:\redesudp-master\gameclient\x64\release\gameclient.tlog\link.write.1.tlog
