c:\users\jsuarez\downloads\redesudp-master\gameserver\x64\release\vc140.pdb
c:\users\jsuarez\downloads\redesudp-master\gameserver\x64\release\source.obj
d:\redesudp\28-03-17\redesudp-master\gameserver\x64\release\vc140.pdb
d:\redesudp\28-03-17\redesudp-master\gameserver\x64\release\source.obj
d:\redesudp-master\gameserver\x64\release\vc140.pdb
d:\redesudp-master\gameserver\x64\release\source.obj
c:\users\jsuarez\downloads\redesudp-master\x64\release\gameserver.exe
c:\users\jsuarez\downloads\redesudp-master\x64\release\gameserver.ipdb
c:\users\jsuarez\downloads\redesudp-master\x64\release\gameserver.iobj
c:\users\jsuarez\downloads\redesudp-master\x64\release\gameserver.pdb
d:\redesudp\28-03-17\redesudp-master\x64\release\gameserver.exe
d:\redesudp\28-03-17\redesudp-master\x64\release\gameserver.ipdb
d:\redesudp\28-03-17\redesudp-master\x64\release\gameserver.iobj
d:\redesudp\28-03-17\redesudp-master\x64\release\gameserver.pdb
d:\redesudp-master\x64\release\gameserver.pdb
d:\redesudp-master\x64\release\gameserver.exe
d:\redesudp-master\gameserver\x64\release\gameserver.tlog\cl.command.1.tlog
d:\redesudp-master\gameserver\x64\release\gameserver.tlog\cl.read.1.tlog
d:\redesudp-master\gameserver\x64\release\gameserver.tlog\cl.write.1.tlog
d:\redesudp-master\gameserver\x64\release\gameserver.tlog\link.command.1.tlog
d:\redesudp-master\gameserver\x64\release\gameserver.tlog\link.read.1.tlog
d:\redesudp-master\gameserver\x64\release\gameserver.tlog\link.write.1.tlog
